# JRE version: OpenJDK Runtime Environment Temurin-17.0.7+7 (17.0.7+7) (build 17.0.7+7)
# Java VM: OpenJDK 64-Bit Server VM Temurin-17.0.7+7 (17.0.7+7, mixed mode, emulated-client, tiered, compressed oops, compressed class ptrs, g1 gc, windows-amd64)
GC Precious Log:
 CPUs: 12 total, 12 available
 Memory: 16334M
 Large Page Support: Disabled
 NUMA Support: Disabled
 Compressed Oops: Enabled (32-bit)
 Heap Region Size: 1M
 Heap Min Capacity: 8M
 Heap Initial Capacity: 256M
 Heap Max Capacity: 1G
 Pre-touch: Disabled
 Parallel Workers: 10
 Concurrent Workers: 3
 Concurrent Refinement Workers: 10
 Periodic GC: Disabled
Heap:
 garbage-first heap   total 304128K, used 113494K [0x00000000c0000000, 0x0000000100000000)
  region size 1024K, 1 young (1024K), 0 survivors (0K)
 Metaspace       used 72574K, committed 73152K, reserved 1114112K
  class space    used 9966K, committed 10240K, reserved 1048576K
GC Heap History (20 events):
Event: 20165.371 GC heap before
{Heap before GC invocations=1339 (full 1137):
 garbage-first heap   total 304128K, used 113494K [0x00000000c0000000, 0x0000000100000000)
  region size 1024K, 1 young (1024K), 0 survivors (0K)
 Metaspace       used 72574K, committed 73152K, reserved 1114112K
  class space    used 9966K, committed 10240K, reserved 1048576K
}
Event: 20165.436 GC heap after
{Heap after GC invocations=1340 (full 1138):
 garbage-first heap   total 304128K, used 113494K [0x00000000c0000000, 0x0000000100000000)
  region size 1024K, 0 young (0K), 0 survivors (0K)
 Metaspace       used 72574K, committed 73152K, reserved 1114112K
  class space    used 9966K, committed 10240K, reserved 1048576K
}
Event: 20175.623 GC heap before
{Heap before GC invocations=1340 (full 1138):
 garbage-first heap   total 304128K, used 113494K [0x00000000c0000000, 0x0000000100000000)
  region size 1024K, 1 young (1024K), 0 survivors (0K)
 Metaspace       used 72574K, committed 73152K, reserved 1114112K
  class space    used 9966K, committed 10240K, reserved 1048576K
}
Event: 20175.697 GC heap after
{Heap after GC invocations=1341 (full 1139):
 garbage-first heap   total 304128K, used 113494K [0x00000000c0000000, 0x0000000100000000)
  region size 1024K, 0 young (0K), 0 survivors (0K)
 Metaspace       used 72574K, committed 73152K, reserved 1114112K
  class space    used 9966K, committed 10240K, reserved 1048576K
}
Event: 20185.844 GC heap before
{Heap before GC invocations=1341 (full 1139):
 garbage-first heap   total 304128K, used 113494K [0x00000000c0000000, 0x0000000100000000)
  region size 1024K, 1 young (1024K), 0 survivors (0K)
 Metaspace       used 72574K, committed 73152K, reserved 1114112K
  class space    used 9966K, committed 10240K, reserved 1048576K
}
Event: 20185.901 GC heap after
{Heap after GC invocations=1342 (full 1140):
 garbage-first heap   total 304128K, used 113494K [0x00000000c0000000, 0x0000000100000000)
  region size 1024K, 0 young (0K), 0 survivors (0K)
 Metaspace       used 72574K, committed 73152K, reserved 1114112K
  class space    used 9966K, committed 10240K, reserved 1048576K
}
Event: 20196.054 GC heap before
{Heap before GC invocations=1342 (full 1140):
 garbage-first heap   total 304128K, used 113494K [0x00000000c0000000, 0x0000000100000000)
  region size 1024K, 1 young (1024K), 0 survivors (0K)
 Metaspace       used 72574K, committed 73152K, reserved 1114112K
  class space    used 9966K, committed 10240K, reserved 1048576K
}
Event: 20196.109 GC heap after
{Heap after GC invocations=1343 (full 1141):
 garbage-first heap   total 304128K, used 113494K [0x00000000c0000000, 0x0000000100000000)
  region size 1024K, 0 young (0K), 0 survivors (0K)
 Metaspace       used 72574K, committed 73152K, reserved 1114112K
  class space    used 9966K, committed 10240K, reserved 1048576K
}
Event: 20206.254 GC heap before
{Heap before GC invocations=1343 (full 1141):
 garbage-first heap   total 304128K, used 113494K [0x00000000c0000000, 0x0000000100000000)
  region size 1024K, 1 young (1024K), 0 survivors (0K)
 Metaspace       used 72574K, committed 73152K, reserved 1114112K
  class space    used 9966K, committed 10240K, reserved 1048576K
}
Event: 20206.312 GC heap after
{Heap after GC invocations=1344 (full 1142):
 garbage-first heap   total 304128K, used 113494K [0x00000000c0000000, 0x0000000100000000)
  region size 1024K, 0 young (0K), 0 survivors (0K)
 Metaspace       used 72574K, committed 73152K, reserved 1114112K
  class space    used 9966K, committed 10240K, reserved 1048576K
}
Event: 20216.459 GC heap before
{Heap before GC invocations=1344 (full 1142):
 garbage-first heap   total 304128K, used 113494K [0x00000000c0000000, 0x0000000100000000)
  region size 1024K, 1 young (1024K), 0 survivors (0K)
 Metaspace       used 72574K, committed 73152K, reserved 1114112K
  class space    used 9966K, committed 10240K, reserved 1048576K
}
Event: 20216.517 GC heap after
{Heap after GC invocations=1345 (full 1143):
 garbage-first heap   total 304128K, used 113494K [0x00000000c0000000, 0x0000000100000000)
  region size 1024K, 0 young (0K), 0 survivors (0K)
 Metaspace       used 72574K, committed 73152K, reserved 1114112K
  class space    used 9966K, committed 10240K, reserved 1048576K
}
Event: 20226.673 GC heap before
{Heap before GC invocations=1345 (full 1143):
 garbage-first heap   total 304128K, used 113494K [0x00000000c0000000, 0x0000000100000000)
  region size 1024K, 1 young (1024K), 0 survivors (0K)
 Metaspace       used 72574K, committed 73152K, reserved 1114112K
  class space    used 9966K, committed 10240K, reserved 1048576K
}
Event: 20226.732 GC heap after
{Heap after GC invocations=1346 (full 1144):
 garbage-first heap   total 304128K, used 113494K [0x00000000c0000000, 0x0000000100000000)
  region size 1024K, 0 young (0K), 0 survivors (0K)
 Metaspace       used 72574K, committed 73152K, reserved 1114112K
  class space    used 9966K, committed 10240K, reserved 1048576K
}
Event: 20236.892 GC heap before
{Heap before GC invocations=1346 (full 1144):
 garbage-first heap   total 304128K, used 113494K [0x00000000c0000000, 0x0000000100000000)
  region size 1024K, 1 young (1024K), 0 survivors (0K)
 Metaspace       used 72574K, committed 73152K, reserved 1114112K
  class space    used 9966K, committed 10240K, reserved 1048576K
}
Event: 20236.947 GC heap after
{Heap after GC invocations=1347 (full 1145):
 garbage-first heap   total 304128K, used 113494K [0x00000000c0000000, 0x0000000100000000)
  region size 1024K, 0 young (0K), 0 survivors (0K)
 Metaspace       used 72574K, committed 73152K, reserved 1114112K
  class space    used 9966K, committed 10240K, reserved 1048576K
}
Event: 20247.098 GC heap before
{Heap before GC invocations=1347 (full 1145):
 garbage-first heap   total 304128K, used 113494K [0x00000000c0000000, 0x0000000100000000)
  region size 1024K, 1 young (1024K), 0 survivors (0K)
 Metaspace       used 72574K, committed 73152K, reserved 1114112K
  class space    used 9966K, committed 10240K, reserved 1048576K
}
Event: 20247.161 GC heap after
{Heap after GC invocations=1348 (full 1146):
 garbage-first heap   total 304128K, used 113494K [0x00000000c0000000, 0x0000000100000000)
  region size 1024K, 0 young (0K), 0 survivors (0K)
 Metaspace       used 72574K, committed 73152K, reserved 1114112K
  class space    used 9966K, committed 10240K, reserved 1048576K
}
Event: 20257.327 GC heap before
{Heap before GC invocations=1348 (full 1146):
 garbage-first heap   total 304128K, used 113494K [0x00000000c0000000, 0x0000000100000000)
  region size 1024K, 1 young (1024K), 0 survivors (0K)
 Metaspace       used 72574K, committed 73152K, reserved 1114112K
  class space    used 9966K, committed 10240K, reserved 1048576K
}
Event: 20257.389 GC heap after
{Heap after GC invocations=1349 (full 1147):
 garbage-first heap   total 304128K, used 113494K [0x00000000c0000000, 0x0000000100000000)
  region size 1024K, 0 young (0K), 0 survivors (0K)
 Metaspace       used 72574K, committed 73152K, reserved 1114112K
  class space    used 9966K, committed 10240K, reserved 1048576K
}

